<?xml version="1.0" encoding="UTF-8"?>
<!-- Generated by org.testng.reporters.JUnitReportReporter -->
<testsuite hostname="EPINGUGW0120" failures="0" tests="2" name="com.example.rest.automation.suite.demo.DemoApiTest" time="6.267" errors="0" timestamp="2025-06-12T12:43:27 IST" skipped="0">
  <testcase classname="com.example.rest.automation.suite.demo.DemoApiTest" name="testGetEndpoint" time="5.988"/>
  <testcase classname="com.example.rest.automation.suite.demo.DemoApiTest" name="testPostEndpoint" time="0.279"/>
</testsuite> <!-- com.example.rest.automation.suite.demo.DemoApiTest -->
